<?xml version="1.0" encoding="UTF-8"?>
<!-- Generated by org.testng.reporters.JUnitReportReporter -->
<testsuite skipped="0" hostname="DESKTOP-L3QF5I9" name="com.Mrbool.testrunner.TestNGTestrunner$Testrunner" tests="1" failures="0" timestamp="22 Dec 2020 02:43:05 GMT" time="16.114" errors="0">
  <testcase name="feature" time="16.114" classname="com.Mrbool.testrunner.TestNGTestrunner$Testrunner"/>
</testsuite> <!-- com.Mrbool.testrunner.TestNGTestrunner$Testrunner -->
